Microsoft (R) Help Compiler
HCRTF 4.01.0950
Copyright (c) Microsoft Corp 1990 - 1995. All rights reserved.
jobadmin.hpj
    HC3048: Warning: topic #2 of JobAdmin.rtf : 
	Nonscrolling region defined after scrolling region.
    HC3048: Warning: topic #3 of JobAdmin.rtf : 
	Nonscrolling region defined after scrolling region.
    HC3048: Warning: topic #4 of JobAdmin.rtf : 
	Nonscrolling region defined after scrolling region.
    HC3048: Warning: topic #5 of JobAdmin.rtf : 
	Nonscrolling region defined after scrolling region.
    HC3048: Warning: topic #6 of JobAdmin.rtf : 
	Nonscrolling region defined after scrolling region.
6	Topics
0	Jumps
6	Keywords
6	Bitmaps


File size: 1,785,026
Hall+Zeck compression decreased help file by 4,725 bytes.
Compile time: 1 minute, 4 seconds
0 notes, 5 warnings
